<?xml version="1.0" encoding="UTF-8"?>
<testng-results skipped="0" failed="0" ignored="0" total="2" passed="2">
  <reporter-output>
  </reporter-output>
  <suite name="Suite" duration-ms="67139" started-at="2021-03-10T06:16:05Z" finished-at="2021-03-10T06:17:12Z">
    <groups>
    </groups>
    <test name="Test" duration-ms="67139" started-at="2021-03-10T06:16:05Z" finished-at="2021-03-10T06:17:12Z">
      <class name="carsguide.Homepage">
        <test-method status="PASS" signature="setup()[pri:0, instance:carsguide.Homepage@19d4f9d]" name="setup" is-config="true" duration-ms="25521" started-at="2021-03-10T06:16:05Z" finished-at="2021-03-10T06:16:30Z">
          <reporter-output>
          </reporter-output>
        </test-method> <!-- setup -->
        <test-method status="PASS" signature="login()[pri:0, instance:carsguide.Homepage@19d4f9d]" name="login" duration-ms="6390" started-at="2021-03-10T06:16:30Z" finished-at="2021-03-10T06:16:37Z">
          <reporter-output>
          </reporter-output>
        </test-method> <!-- login -->
        <test-method status="PASS" signature="Teardown()[pri:0, instance:carsguide.Homepage@19d4f9d]" name="Teardown" is-config="true" duration-ms="864" started-at="2021-03-10T06:16:37Z" finished-at="2021-03-10T06:16:38Z">
          <reporter-output>
          </reporter-output>
        </test-method> <!-- Teardown -->
        <test-method status="PASS" signature="setup()[pri:0, instance:carsguide.Homepage@19d4f9d]" name="setup" is-config="true" duration-ms="27185" started-at="2021-03-10T06:16:38Z" finished-at="2021-03-10T06:17:05Z">
          <reporter-output>
          </reporter-output>
        </test-method> <!-- setup -->
        <test-method status="PASS" signature="logout()[pri:0, instance:carsguide.Homepage@19d4f9d]" name="logout" duration-ms="6247" started-at="2021-03-10T06:17:05Z" finished-at="2021-03-10T06:17:11Z">
          <reporter-output>
          </reporter-output>
        </test-method> <!-- logout -->
        <test-method status="PASS" signature="Teardown()[pri:0, instance:carsguide.Homepage@19d4f9d]" name="Teardown" is-config="true" duration-ms="869" started-at="2021-03-10T06:17:11Z" finished-at="2021-03-10T06:17:12Z">
          <reporter-output>
          </reporter-output>
        </test-method> <!-- Teardown -->
      </class> <!-- carsguide.Homepage -->
    </test> <!-- Test -->
  </suite> <!-- Suite -->
</testng-results>
